<?xml version="1.0" encoding="UTF-8"?>
<!-- Generated by org.testng.reporters.JUnitReportReporter -->
<testsuite skipped="1" hostname="DESKTOP-HTR3HGT" name="org.com.AdactinHotel" tests="3" failures="0" timestamp="27 Mar 2023 14:04:38 GMT" time="0.011" errors="0">
  <testcase name="test03" time="0.005" classname="org.com.AdactinHotel"/>
  <testcase name="test02" time="0.006" classname="org.com.AdactinHotel"/>
  <testcase name="test01" classname="org.com.AdactinHotel">
    <skipped/>
  </testcase> <!-- test01 -->
</testsuite> <!-- org.com.AdactinHotel -->
